This is pdfTeX, Version 3.1415926-2.5-1.40.14 (TeX Live 2013/Debian) (format=pdflatex 2015.5.28)  29 MAY 2015 02:33
entering extended mode
 restricted \write18 enabled.
 %&-line parsing enabled.
**IvDinten_Embedded.tex
(./IvDinten_Embedded.tex
LaTeX2e <2011/06/27>
Babel <3.9f> and hyphenation patterns for 78 languages loaded.
(/usr/share/texlive/texmf-dist/tex/latex/base/report.cls
Document Class: report 2007/10/19 v1.4h Standard LaTeX document class
(/usr/share/texlive/texmf-dist/tex/latex/base/size10.clo
File: size10.clo 2007/10/19 v1.4h Standard LaTeX file (size option)
)
\c@part=\count79
\c@chapter=\count80
\c@section=\count81
\c@subsection=\count82
\c@subsubsection=\count83
\c@paragraph=\count84
\c@subparagraph=\count85
\c@figure=\count86
\c@table=\count87
\abovecaptionskip=\skip41
\belowcaptionskip=\skip42
\bibindent=\dimen102
)
(/usr/share/texlive/texmf-dist/tex/latex/graphics/graphicx.sty
Package: graphicx 1999/02/16 v1.0f Enhanced LaTeX Graphics (DPC,SPQR)

(/usr/share/texlive/texmf-dist/tex/latex/graphics/keyval.sty
Package: keyval 1999/03/16 v1.13 key=value parser (DPC)
\KV@toks@=\toks14
)
(/usr/share/texlive/texmf-dist/tex/latex/graphics/graphics.sty
Package: graphics 2009/02/05 v1.0o Standard LaTeX Graphics (DPC,SPQR)

(/usr/share/texlive/texmf-dist/tex/latex/graphics/trig.sty
Package: trig 1999/03/16 v1.09 sin cos tan (DPC)
)
(/usr/share/texlive/texmf-dist/tex/latex/latexconfig/graphics.cfg
File: graphics.cfg 2010/04/23 v1.9 graphics configuration of TeX Live
)
Package graphics Info: Driver file: pdftex.def on input line 91.

(/usr/share/texlive/texmf-dist/tex/latex/pdftex-def/pdftex.def
File: pdftex.def 2011/05/27 v0.06d Graphics/color for pdfTeX

(/usr/share/texlive/texmf-dist/tex/generic/oberdiek/infwarerr.sty
Package: infwarerr 2010/04/08 v1.3 Providing info/warning/error messages (HO)
)
(/usr/share/texlive/texmf-dist/tex/generic/oberdiek/ltxcmds.sty
Package: ltxcmds 2011/11/09 v1.22 LaTeX kernel commands for general use (HO)
)
\Gread@gobject=\count88
))
\Gin@req@height=\dimen103
\Gin@req@width=\dimen104
)
(/usr/share/texlive/texmf-dist/tex/latex/caption/caption.sty
Package: caption 2013/05/02 v3.3-89 Customizing captions (AR)

(/usr/share/texlive/texmf-dist/tex/latex/caption/caption3.sty
Package: caption3 2013/05/02 v1.6-88 caption3 kernel (AR)
Package caption3 Info: TeX engine: e-TeX on input line 57.
\captionmargin=\dimen105
\captionmargin@=\dimen106
\captionwidth=\dimen107
\caption@tempdima=\dimen108
\caption@indent=\dimen109
\caption@parindent=\dimen110
\caption@hangindent=\dimen111
)
\c@ContinuedFloat=\count89
)
(/usr/share/texlive/texmf-dist/tex/latex/caption/subcaption.sty
Package: subcaption 2013/02/03 v1.1-62 Sub-captions (AR)
\c@subfigure=\count90
\c@subtable=\count91
)
(/usr/share/texlive/texmf-dist/tex/latex/hyperref/hyperref.sty
Package: hyperref 2012/11/06 v6.83m Hypertext links for LaTeX

(/usr/share/texlive/texmf-dist/tex/generic/oberdiek/hobsub-hyperref.sty
Package: hobsub-hyperref 2012/05/28 v1.13 Bundle oberdiek, subset hyperref (HO)


(/usr/share/texlive/texmf-dist/tex/generic/oberdiek/hobsub-generic.sty
Package: hobsub-generic 2012/05/28 v1.13 Bundle oberdiek, subset generic (HO)
Package: hobsub 2012/05/28 v1.13 Construct package bundles (HO)
Package hobsub Info: Skipping package `infwarerr' (already loaded).
Package hobsub Info: Skipping package `ltxcmds' (already loaded).
Package: ifluatex 2010/03/01 v1.3 Provides the ifluatex switch (HO)
Package ifluatex Info: LuaTeX not detected.
Package: ifvtex 2010/03/01 v1.5 Detect VTeX and its facilities (HO)
Package ifvtex Info: VTeX not detected.
Package: intcalc 2007/09/27 v1.1 Expandable calculations with integers (HO)
Package: ifpdf 2011/01/30 v2.3 Provides the ifpdf switch (HO)
Package ifpdf Info: pdfTeX in PDF mode is detected.
Package: etexcmds 2011/02/16 v1.5 Avoid name clashes with e-TeX commands (HO)
Package etexcmds Info: Could not find \expanded.
(etexcmds)             That can mean that you are not using pdfTeX 1.50 or
(etexcmds)             that some package has redefined \expanded.
(etexcmds)             In the latter case, load this package earlier.
Package: kvsetkeys 2012/04/25 v1.16 Key value parser (HO)
Package: kvdefinekeys 2011/04/07 v1.3 Define keys (HO)
Package: pdftexcmds 2011/11/29 v0.20 Utility functions of pdfTeX for LuaTeX (HO
)
Package pdftexcmds Info: LuaTeX not detected.
Package pdftexcmds Info: \pdf@primitive is available.
Package pdftexcmds Info: \pdf@ifprimitive is available.
Package pdftexcmds Info: \pdfdraftmode found.
Package: pdfescape 2011/11/25 v1.13 Implements pdfTeX's escape features (HO)
Package: bigintcalc 2012/04/08 v1.3 Expandable calculations on big integers (HO
)
Package: bitset 2011/01/30 v1.1 Handle bit-vector datatype (HO)
Package: uniquecounter 2011/01/30 v1.2 Provide unlimited unique counter (HO)
)
Package hobsub Info: Skipping package `hobsub' (already loaded).
Package: letltxmacro 2010/09/02 v1.4 Let assignment for LaTeX macros (HO)
Package: hopatch 2012/05/28 v1.2 Wrapper for package hooks (HO)
Package: xcolor-patch 2011/01/30 xcolor patch
Package: atveryend 2011/06/30 v1.8 Hooks at the very end of document (HO)
Package atveryend Info: \enddocument detected (standard20110627).
Package: atbegshi 2011/10/05 v1.16 At begin shipout hook (HO)
Package: refcount 2011/10/16 v3.4 Data extraction from label references (HO)
Package: hycolor 2011/01/30 v1.7 Color options for hyperref/bookmark (HO)
)
(/usr/share/texlive/texmf-dist/tex/generic/ifxetex/ifxetex.sty
Package: ifxetex 2010/09/12 v0.6 Provides ifxetex conditional
)
(/usr/share/texlive/texmf-dist/tex/latex/oberdiek/auxhook.sty
Package: auxhook 2011/03/04 v1.3 Hooks for auxiliary files (HO)
)
(/usr/share/texlive/texmf-dist/tex/latex/oberdiek/kvoptions.sty
Package: kvoptions 2011/06/30 v3.11 Key value format for package options (HO)
)
\@linkdim=\dimen112
\Hy@linkcounter=\count92
\Hy@pagecounter=\count93

(/usr/share/texlive/texmf-dist/tex/latex/hyperref/pd1enc.def
File: pd1enc.def 2012/11/06 v6.83m Hyperref: PDFDocEncoding definition (HO)
)
\Hy@SavedSpaceFactor=\count94

(/usr/share/texlive/texmf-dist/tex/latex/latexconfig/hyperref.cfg
File: hyperref.cfg 2002/06/06 v1.2 hyperref configuration of TeXLive
)
Package hyperref Info: Option `bookmarks' set `true' on input line 4319.
Package hyperref Info: Hyper figures OFF on input line 4443.
Package hyperref Info: Link nesting OFF on input line 4448.
Package hyperref Info: Hyper index ON on input line 4451.
Package hyperref Info: Plain pages OFF on input line 4458.
Package hyperref Info: Backreferencing OFF on input line 4463.
Package hyperref Info: Implicit mode ON; LaTeX internals redefined.
Package hyperref Info: Bookmarks ON on input line 4688.
\c@Hy@tempcnt=\count95

(/usr/share/texlive/texmf-dist/tex/latex/url/url.sty
\Urlmuskip=\muskip10
Package: url 2006/04/12  ver 3.3  Verb mode for urls, etc.
)
LaTeX Info: Redefining \url on input line 5041.
\XeTeXLinkMargin=\dimen113
\Fld@menulength=\count96
\Field@Width=\dimen114
\Fld@charsize=\dimen115
Package hyperref Info: Hyper figures OFF on input line 6295.
Package hyperref Info: Link nesting OFF on input line 6300.
Package hyperref Info: Hyper index ON on input line 6303.
Package hyperref Info: backreferencing OFF on input line 6310.
Package hyperref Info: Link coloring OFF on input line 6315.
Package hyperref Info: Link coloring with OCG OFF on input line 6320.
Package hyperref Info: PDF/A mode OFF on input line 6325.
LaTeX Info: Redefining \ref on input line 6365.
LaTeX Info: Redefining \pageref on input line 6369.
\Hy@abspage=\count97
\c@Item=\count98
\c@Hfootnote=\count99
)

Package hyperref Message: Driver (autodetected): hpdftex.

(/usr/share/texlive/texmf-dist/tex/latex/hyperref/hpdftex.def
File: hpdftex.def 2012/11/06 v6.83m Hyperref driver for pdfTeX
\Fld@listcount=\count100
\c@bookmark@seq@number=\count101

(/usr/share/texlive/texmf-dist/tex/latex/oberdiek/rerunfilecheck.sty
Package: rerunfilecheck 2011/04/15 v1.7 Rerun checks for auxiliary files (HO)
Package uniquecounter Info: New unique counter `rerunfilecheck' on input line 2
82.
)
\Hy@SectionHShift=\skip43
)
(/usr/share/texlive/texmf-dist/tex/latex/biblatex/biblatex.sty
Package: biblatex 2013/07/15 v2.7a programmable bibliographies (PK/JW/AB)

(/usr/share/texlive/texmf-dist/tex/latex/biblatex/biblatex1.sty
Package: biblatex1 2013/07/15 v2.7a programmable bibliographies (bibtex) (PK/JW
/AB)

(/usr/share/texlive/texmf-dist/tex/latex/etoolbox/etoolbox.sty
Package: etoolbox 2011/01/03 v2.1 e-TeX tools for LaTeX

(/usr/share/texlive/texmf-dist/tex/latex/etex-pkg/etex.sty
Package: etex 1998/03/26 v2.0 eTeX basic definition package (PEB)
\et@xins=\count102
)
\etb@tempcnta=\count103
)
(/usr/share/texlive/texmf-dist/tex/latex/logreq/logreq.sty
Package: logreq 2010/08/04 v1.0 xml request logger
\lrq@indent=\count104

(/usr/share/texlive/texmf-dist/tex/latex/logreq/logreq.def
File: logreq.def 2010/08/04 v1.0 logreq spec v1.0
))
(/usr/share/texlive/texmf-dist/tex/latex/base/ifthen.sty
Package: ifthen 2001/05/26 v1.1c Standard LaTeX ifthen package (DPC)
)
\c@tabx@nest=\count105
\c@listtotal=\count106
\c@listcount=\count107
\c@liststart=\count108
\c@liststop=\count109
\c@citecount=\count110
\c@citetotal=\count111
\c@multicitecount=\count112
\c@multicitetotal=\count113
\c@instcount=\count114
\c@maxnames=\count115
\c@minnames=\count116
\c@maxitems=\count117
\c@minitems=\count118
\c@citecounter=\count119
\c@savedcitecounter=\count120
\c@uniquelist=\count121
\c@uniquename=\count122
\c@refsection=\count123
\c@refsegment=\count124
\c@maxextrayear=\count125
\c@maxextraalpha=\count126
\c@abbrvpenalty=\count127
\c@highnamepenalty=\count128
\c@lownamepenalty=\count129
\c@maxparens=\count130
\c@parenlevel=\count131
\blx@tempcnta=\count132
\blx@tempcntb=\count133
\blx@tempcntc=\count134
\blx@maxsection=\count135
\blx@maxsegment=\count136
\blx@notetype=\count137
\blx@parenlevel@text=\count138
\blx@parenlevel@foot=\count139
\labelnumberwidth=\skip44
\labelalphawidth=\skip45
\shorthandwidth=\skip46
\biblabelsep=\skip47
\bibitemsep=\skip48
\bibnamesep=\skip49
\bibinitsep=\skip50
\bibparsep=\skip51
\bibhang=\skip52
\blx@auxin=\read1
\blx@auxout=\write3
\c@mincomprange=\count140
\c@maxcomprange=\count141
\c@mincompwidth=\count142
\c@labelname=\count143
\c@savedlabelname=\count144
\c@author=\count145
\c@savedauthor=\count146
\c@shortauthor=\count147
\c@savedshortauthor=\count148
\c@editor=\count149
\c@savededitor=\count150
\c@editora=\count151
\c@savededitora=\count152
\c@editorb=\count153
\c@savededitorb=\count154
\c@editorc=\count155
\c@savededitorc=\count156
\c@shorteditor=\count157
\c@savedshorteditor=\count158
\c@bookauthor=\count159
\c@savedbookauthor=\count160
\c@translator=\count161
\c@savedtranslator=\count162
\c@annotator=\count163
\c@savedannotator=\count164
\c@commentator=\count165
\c@savedcommentator=\count166
\c@introduction=\count167
\c@savedintroduction=\count168
\c@foreword=\count169
\c@savedforeword=\count170
\c@afterword=\count171
\c@savedafterword=\count172
\c@holder=\count173
\c@savedholder=\count174
\c@namea=\count175
\c@savednamea=\count176
\c@nameb=\count177
\c@savednameb=\count178
\c@namec=\count179
\c@savednamec=\count180
\c@institution=\count181
\c@savedinstitution=\count182
\c@language=\count183
\c@savedlanguage=\count184
\c@location=\count185
\c@savedlocation=\count186
\c@organization=\count187
\c@savedorganization=\count188
\c@origlocation=\count189
\c@savedoriglocation=\count190
\c@origpublisher=\count191
\c@savedorigpublisher=\count192
\c@pageref=\count193
\c@savedpageref=\count194
\c@publisher=\count195
\c@savedpublisher=\count196
\c@lista=\count197
\c@savedlista=\count198
\c@listb=\count199
\c@savedlistb=\count200
\c@listc=\count201
\c@savedlistc=\count202
\c@listd=\count203
\c@savedlistd=\count204
\c@liste=\count205
\c@savedliste=\count206
\c@listf=\count207
\c@savedlistf=\count208
Package biblatex Info: Trying to load compatibility code...
Package biblatex Info: ... file 'blx-compat.def' found.

(/usr/share/texlive/texmf-dist/tex/latex/biblatex/blx-compat.def
File: blx-compat.def 2013/07/15 v2.7a biblatex compatibility (PK/JW/AB)
)
Package biblatex Info: Trying to load generic definitions...
Package biblatex Info: ... file 'biblatex.def' found.

(/usr/share/texlive/texmf-dist/tex/latex/biblatex/biblatex.def
File: biblatex.def 
\c@textcitecount=\count209
\c@textcitetotal=\count210
\c@textcitemaxnames=\count211
\c@biburlnumpenalty=\count212
\c@biburlucpenalty=\count213
\c@biburllcpenalty=\count214
\c@smartand=\count215
)
Package biblatex Info: Trying to load bibliography style 'verbose-trad2'...
Package biblatex Info: ... file 'verbose-trad2.bbx' found.

(/usr/share/texlive/texmf-dist/tex/latex/biblatex/bbx/verbose-trad2.bbx
File: verbose-trad2.bbx 2013/07/15 v2.7a biblatex bibliography style (PK/JW/AB)

Package biblatex Info: Trying to load bibliography style 'authortitle'...
Package biblatex Info: ... file 'authortitle.bbx' found.

(/usr/share/texlive/texmf-dist/tex/latex/biblatex/bbx/authortitle.bbx
File: authortitle.bbx 2013/07/15 v2.7a biblatex bibliography style (PK/JW/AB)
Package biblatex Info: Trying to load bibliography style 'standard'...
Package biblatex Info: ... file 'standard.bbx' found.

(/usr/share/texlive/texmf-dist/tex/latex/biblatex/bbx/standard.bbx
File: standard.bbx 2013/07/15 v2.7a biblatex bibliography style (PK/JW/AB)
\c@bbx:relatedcount=\count216
\c@bbx:relatedtotal=\count217
)))
Package biblatex Info: Trying to load citation style 'verbose-trad2'...
Package biblatex Info: ... file 'verbose-trad2.cbx' found.

(/usr/share/texlive/texmf-dist/tex/latex/biblatex/cbx/verbose-trad2.cbx
File: verbose-trad2.cbx 2013/07/15 v2.7a biblatex citation style (PK/JW/AB)
Package biblatex Info: Redefining '\cite'.
Package biblatex Info: Redefining '\parencite'.
Package biblatex Info: Redefining '\footcite'.
Package biblatex Info: Redefining '\footcitetext'.
Package biblatex Info: Redefining '\smartcite'.
Package biblatex Info: Redefining '\textcite'.
Package biblatex Info: Redefining '\textcites'.
)
Package biblatex Info: Trying to load configuration file...
Package biblatex Info: ... file 'biblatex.cfg' found.

(/usr/share/texlive/texmf-dist/tex/latex/biblatex/biblatex.cfg
File: biblatex.cfg 
)))
Package biblatex Info: Trying to load language 'english'...
Package biblatex Info: ... file 'english.lbx' found.

(/usr/share/texlive/texmf-dist/tex/latex/biblatex/lbx/english.lbx
File: english.lbx 2013/07/15 v2.7a biblatex localization (PK/JW/AB)
)
\@quotelevel=\count218
\@quotereset=\count219

(./IvDinten_Embedded.aux)
\openout1 = `IvDinten_Embedded.aux'.

LaTeX Font Info:    Checking defaults for OML/cmm/m/it on input line 15.
LaTeX Font Info:    ... okay on input line 15.
LaTeX Font Info:    Checking defaults for T1/cmr/m/n on input line 15.
LaTeX Font Info:    ... okay on input line 15.
LaTeX Font Info:    Checking defaults for OT1/cmr/m/n on input line 15.
LaTeX Font Info:    ... okay on input line 15.
LaTeX Font Info:    Checking defaults for OMS/cmsy/m/n on input line 15.
LaTeX Font Info:    ... okay on input line 15.
LaTeX Font Info:    Checking defaults for OMX/cmex/m/n on input line 15.
LaTeX Font Info:    ... okay on input line 15.
LaTeX Font Info:    Checking defaults for U/cmr/m/n on input line 15.
LaTeX Font Info:    ... okay on input line 15.
LaTeX Font Info:    Checking defaults for PD1/pdf/m/n on input line 15.
LaTeX Font Info:    ... okay on input line 15.

(/usr/share/texlive/texmf-dist/tex/context/base/supp-pdf.mkii
[Loading MPS to PDF converter (version 2006.09.02).]
\scratchcounter=\count220
\scratchdimen=\dimen116
\scratchbox=\box26
\nofMPsegments=\count221
\nofMParguments=\count222
\everyMPshowfont=\toks15
\MPscratchCnt=\count223
\MPscratchDim=\dimen117
\MPnumerator=\count224
\makeMPintoPDFobject=\count225
\everyMPtoPDFconversion=\toks16
) (/usr/share/texlive/texmf-dist/tex/latex/oberdiek/epstopdf-base.sty
Package: epstopdf-base 2010/02/09 v2.5 Base part for package epstopdf

(/usr/share/texlive/texmf-dist/tex/latex/oberdiek/grfext.sty
Package: grfext 2010/08/19 v1.1 Manage graphics extensions (HO)
)
Package grfext Info: Graphics extension search list:
(grfext)             [.png,.pdf,.jpg,.mps,.jpeg,.jbig2,.jb2,.PNG,.PDF,.JPG,.JPE
G,.JBIG2,.JB2,.eps]
(grfext)             \AppendGraphicsExtensions on input line 452.

(/usr/share/texlive/texmf-dist/tex/latex/latexconfig/epstopdf-sys.cfg
File: epstopdf-sys.cfg 2010/07/13 v1.3 Configuration of (r)epstopdf for TeX Liv
e
))
Package caption Info: Begin \AtBeginDocument code.
Package caption Info: hyperref package is loaded.
Package caption Info: End \AtBeginDocument code.
\AtBeginShipoutBox=\box27
Package hyperref Info: Link coloring OFF on input line 15.

(/usr/share/texlive/texmf-dist/tex/latex/hyperref/nameref.sty
Package: nameref 2012/10/27 v2.43 Cross-referencing by name of section

(/usr/share/texlive/texmf-dist/tex/generic/oberdiek/gettitlestring.sty
Package: gettitlestring 2010/12/03 v1.4 Cleanup title references (HO)
)
\c@section@level=\count226
)
LaTeX Info: Redefining \ref on input line 15.
LaTeX Info: Redefining \pageref on input line 15.
LaTeX Info: Redefining \nameref on input line 15.

(./IvDinten_Embedded.out) (./IvDinten_Embedded.out)
\@outlinefile=\write4
\openout4 = `IvDinten_Embedded.out'.

Package biblatex Info: No input encoding detected.
(biblatex)             Assuming 'ascii'.
Package biblatex Info: Automatic encoding selection.
(biblatex)             Assuming data encoding 'ascii'.
\openout3 = `IvDinten_Embedded-blx.bib'.

Package biblatex Info: Trying to load bibliographic data...
Package biblatex Info: ... file 'IvDinten_Embedded.bbl' found.
 (./IvDinten_Embedded.bbl

Package biblatex Warning: BibTeX reported the following issues
(biblatex)                with '5329404':
(biblatex)                - Invalid format of field 'month'.

)
Package biblatex Info: Reference section=0 on input line 15.
Package biblatex Info: Reference segment=0 on input line 15.
LaTeX Font Info:    External font `cmex10' loaded for size
(Font)              <12> on input line 23.
LaTeX Font Info:    External font `cmex10' loaded for size
(Font)              <8> on input line 23.
LaTeX Font Info:    External font `cmex10' loaded for size
(Font)              <6> on input line 23.
 [1

{/var/lib/texmf/fonts/map/pdftex/updmap/pdftex.map}]pdfTeX warning (ext4): dest
ination with the same identifier (name{page.1}) has been already used, duplicat
e ignored
<to be read again> 
                   \relax 
l.26 \end{abstract}
                    [1] (./IvDinten_Embedded.toc
LaTeX Font Info:    External font `cmex10' loaded for size
(Font)              <7> on input line 5.
LaTeX Font Info:    External font `cmex10' loaded for size
(Font)              <5> on input line 5.
)
\tf@toc=\write5
\openout5 = `IvDinten_Embedded.toc'.

pdfTeX warning (ext4): destination with the same identifier (name{page.1}) has 
been already used, duplicate ignored
<to be read again> 
                   \relax 
l.30 
      [1

]
Chapter 1.
<../images/0001.png, id=101, 963.6pt x 542.025pt>
File: ../images/0001.png Graphic file (type png)
 <use ../images/0001.png>
Package pdftex.def Info: ../images/0001.png used on input line 42.
(pdftex.def)             Requested size: 172.5pt x 97.03096pt.


LaTeX Warning: `!h' float specifier changed to `!ht'.

<../images/cube_01/0001.png, id=103, 963.6pt x 542.025pt>
File: ../images/cube_01/0001.png Graphic file (type png)

<use ../images/cube_01/0001.png>
Package pdftex.def Info: ../images/cube_01/0001.png used on input line 49.
(pdftex.def)             Requested size: 86.25pt x 48.51547pt.

<../images/cube_01/0010.png, id=104, 963.6pt x 542.025pt>
File: ../images/cube_01/0010.png Graphic file (type png)

<use ../images/cube_01/0010.png>
Package pdftex.def Info: ../images/cube_01/0010.png used on input line 50.
(pdftex.def)             Requested size: 86.25pt x 48.51547pt.

<../images/cube_01/0020.png, id=105, 963.6pt x 542.025pt>
File: ../images/cube_01/0020.png Graphic file (type png)

<use ../images/cube_01/0020.png>
Package pdftex.def Info: ../images/cube_01/0020.png used on input line 51.
(pdftex.def)             Requested size: 86.25pt x 48.51547pt.

<../images/cube_01/0030.png, id=106, 963.6pt x 542.025pt>
File: ../images/cube_01/0030.png Graphic file (type png)

<use ../images/cube_01/0030.png>
Package pdftex.def Info: ../images/cube_01/0030.png used on input line 52.
(pdftex.def)             Requested size: 86.25pt x 48.51547pt.

<../images/cube_01/0040.png, id=107, 963.6pt x 542.025pt>
File: ../images/cube_01/0040.png Graphic file (type png)

<use ../images/cube_01/0040.png>
Package pdftex.def Info: ../images/cube_01/0040.png used on input line 53.
(pdftex.def)             Requested size: 86.25pt x 48.51547pt.


LaTeX Warning: `!h' float specifier changed to `!ht'.

<../images/cube_02/0001.png, id=108, 963.6pt x 542.025pt>
File: ../images/cube_02/0001.png Graphic file (type png)

<use ../images/cube_02/0001.png>
Package pdftex.def Info: ../images/cube_02/0001.png used on input line 60.
(pdftex.def)             Requested size: 86.25pt x 48.51547pt.

<../images/cube_02/0010.png, id=109, 963.6pt x 542.025pt>
File: ../images/cube_02/0010.png Graphic file (type png)

<use ../images/cube_02/0010.png>
Package pdftex.def Info: ../images/cube_02/0010.png used on input line 61.
(pdftex.def)             Requested size: 86.25pt x 48.51547pt.

<../images/cube_02/0020.png, id=110, 963.6pt x 542.025pt>
File: ../images/cube_02/0020.png Graphic file (type png)

<use ../images/cube_02/0020.png>
Package pdftex.def Info: ../images/cube_02/0020.png used on input line 62.
(pdftex.def)             Requested size: 86.25pt x 48.51547pt.

<../images/cube_02/0030.png, id=111, 963.6pt x 542.025pt>
File: ../images/cube_02/0030.png Graphic file (type png)

<use ../images/cube_02/0030.png>
Package pdftex.def Info: ../images/cube_02/0030.png used on input line 63.
(pdftex.def)             Requested size: 86.25pt x 48.51547pt.

<../images/cube_02/0040.png, id=112, 963.6pt x 542.025pt>
File: ../images/cube_02/0040.png Graphic file (type png)

<use ../images/cube_02/0040.png>
Package pdftex.def Info: ../images/cube_02/0040.png used on input line 64.
(pdftex.def)             Requested size: 86.25pt x 48.51547pt.


LaTeX Warning: `!h' float specifier changed to `!ht'.

<../images/cube_03/0001.png, id=113, 963.6pt x 542.025pt>
File: ../images/cube_03/0001.png Graphic file (type png)

<use ../images/cube_03/0001.png>
Package pdftex.def Info: ../images/cube_03/0001.png used on input line 71.
(pdftex.def)             Requested size: 86.25pt x 48.51547pt.

<../images/cube_03/0010.png, id=114, 963.6pt x 542.025pt>
File: ../images/cube_03/0010.png Graphic file (type png)

<use ../images/cube_03/0010.png>
Package pdftex.def Info: ../images/cube_03/0010.png used on input line 72.
(pdftex.def)             Requested size: 86.25pt x 48.51547pt.

<../images/cube_03/0020.png, id=115, 963.6pt x 542.025pt>
File: ../images/cube_03/0020.png Graphic file (type png)

<use ../images/cube_03/0020.png>
Package pdftex.def Info: ../images/cube_03/0020.png used on input line 73.
(pdftex.def)             Requested size: 86.25pt x 48.51547pt.

<../images/cube_03/0030.png, id=116, 963.6pt x 542.025pt>
File: ../images/cube_03/0030.png Graphic file (type png)

<use ../images/cube_03/0030.png>
Package pdftex.def Info: ../images/cube_03/0030.png used on input line 74.
(pdftex.def)             Requested size: 86.25pt x 48.51547pt.

<../images/cube_03/0040.png, id=117, 963.6pt x 542.025pt>
File: ../images/cube_03/0040.png Graphic file (type png)

<use ../images/cube_03/0040.png>
Package pdftex.def Info: ../images/cube_03/0040.png used on input line 75.
(pdftex.def)             Requested size: 86.25pt x 48.51547pt.


LaTeX Warning: `!h' float specifier changed to `!ht'.

[2

]

LaTeX Warning: Text page 3 contains only floats.

[3 <../images/0001.png> <../images/cube_01/0001.png> <../images/cube_01/0010.pn
g> <../images/cube_01/0020.png> <../images/cube_01/0030.png> <../images/cube_01
/0040.png> <../images/cube_02/0001.png> <../images/cube_02/0010.png> <../images
/cube_02/0020.png> <../images/cube_02/0030.png> <../images/cube_02/0040.png> <.
./images/cube_03/0001.png> <../images/cube_03/0010.png> <../images/cube_03/0020
.png> <../images/cube_03/0030.png> <../images/cube_03/0040.png>]
<../images/contour_sphere.png, id=158, 963.6pt x 542.025pt>
File: ../images/contour_sphere.png Graphic file (type png)

<use ../images/contour_sphere.png>
Package pdftex.def Info: ../images/contour_sphere.png used on input line 87.
(pdftex.def)             Requested size: 172.5pt x 97.03096pt.

<../images/camera_left.png, id=160, 453.19313pt x 339.51843pt>
File: ../images/camera_left.png Graphic file (type png)

<use ../images/camera_left.png>
Package pdftex.def Info: ../images/camera_left.png used on input line 97.
(pdftex.def)             Requested size: 137.9979pt x 103.3846pt.

<../images/camera_right.png, id=161, 453.19313pt x 339.51843pt>
File: ../images/camera_right.png Graphic file (type png)

<use ../images/camera_right.png>
Package pdftex.def Info: ../images/camera_right.png used on input line 98.
(pdftex.def)             Requested size: 137.9979pt x 103.3846pt.


LaTeX Warning: `!h' float specifier changed to `!ht'.

[4 <../images/contour_sphere.png (PNG copy)>]
<../images/colour_sphere.png, id=175, 642.4pt x 481.8pt>
File: ../images/colour_sphere.png Graphic file (type png)

<use ../images/colour_sphere.png>
Package pdftex.def Info: ../images/colour_sphere.png used on input line 110.
(pdftex.def)             Requested size: 172.5pt x 129.37462pt.

<../images/colourContour_sphere.png, id=177, 642.4pt x 481.8pt>
File: ../images/colourContour_sphere.png Graphic file (type png)

<use ../images/colourContour_sphere.png>
Package pdftex.def Info: ../images/colourContour_sphere.png used on input line 
120.
(pdftex.def)             Requested size: 172.5pt x 129.37462pt.


LaTeX Warning: `!h' float specifier changed to `!ht'.

[5 <../images/camera_left.png (PNG copy)> <../images/camera_right.png (PNG copy
)> <../images/colour_sphere.png (PNG copy)>]
<../images/colourContourFeature_sphere.png, id=189, 1606.0pt x 542.025pt>
File: ../images/colourContourFeature_sphere.png Graphic file (type png)

<use ../images/colourContourFeature_sphere.png>
Package pdftex.def Info: ../images/colourContourFeature_sphere.png used on inpu
t line 136.
(pdftex.def)             Requested size: 345.0pt x 116.43385pt.


LaTeX Warning: `!h' float specifier changed to `!ht'.

[6 <../images/colourContour_sphere.png (PNG copy)>] [7 <../images/colourContour
Feature_sphere.png (PNG copy)>]
Chapter 2.
[8

]
Overfull \hbox (5.99707pt too wide) in paragraph at lines 155--155
\OT1/cmtt/m/n/10 modules / features2d / doc / common _ interfaces _ of _ descri
ptor _ matchers .
 []


Overfull \hbox (38.94241pt too wide) in paragraph at lines 155--155
\OT1/cmtt/m/n/10 html ? highlight = flannbasedmatcher # flannbasedmatcher$[] \O
T1/cmr/m/n/10 (vis-ited on 05/29/2015). 
 []

Package atveryend Info: Empty hook `BeforeClearDocument' on input line 156.
[9

]
Package atveryend Info: Empty hook `AfterLastShipout' on input line 156.
 (./IvDinten_Embedded.aux)
Package atveryend Info: Executing hook `AtVeryEndDocument' on input line 156.
Package atveryend Info: Executing hook `AtEndAfterFileList' on input line 156.
Package rerunfilecheck Info: File `IvDinten_Embedded.out' has not changed.
(rerunfilecheck)             Checksum: 034D23315EFCDF7029772C6F4F9B86D0;878.
Package logreq Info: Writing requests to 'IvDinten_Embedded.run.xml'.
\openout1 = `IvDinten_Embedded.run.xml'.

Package atveryend Info: Empty hook `AtVeryVeryEnd' on input line 156.
 ) 
Here is how much of TeX's memory you used:
 11293 strings out of 493307
 185000 string characters out of 6139905
 375092 words of memory out of 5000000
 14598 multiletter control sequences out of 15000+600000
 11042 words of font info for 39 fonts, out of 8000000 for 9000
 957 hyphenation exceptions out of 8191
 47i,8n,76p,950b,1295s stack positions out of 5000i,500n,10000p,200000b,80000s
</usr/share/texlive/texmf-dist/fonts/type1/public/amsfonts/cm/cmbx10.pfb></us
r/share/texlive/texmf-dist/fonts/type1/public/amsfonts/cm/cmbx12.pfb></usr/shar
e/texlive/texmf-dist/fonts/type1/public/amsfonts/cm/cmcsc10.pfb></usr/share/tex
live/texmf-dist/fonts/type1/public/amsfonts/cm/cmr10.pfb></usr/share/texlive/te
xmf-dist/fonts/type1/public/amsfonts/cm/cmr12.pfb></usr/share/texlive/texmf-dis
t/fonts/type1/public/amsfonts/cm/cmr17.pfb></usr/share/texlive/texmf-dist/fonts
/type1/public/amsfonts/cm/cmr6.pfb></usr/share/texlive/texmf-dist/fonts/type1/p
ublic/amsfonts/cm/cmr7.pfb></usr/share/texlive/texmf-dist/fonts/type1/public/am
sfonts/cm/cmr8.pfb></usr/share/texlive/texmf-dist/fonts/type1/public/amsfonts/c
m/cmr9.pfb></usr/share/texlive/texmf-dist/fonts/type1/public/amsfonts/cm/cmti10
.pfb></usr/share/texlive/texmf-dist/fonts/type1/public/amsfonts/cm/cmti8.pfb></
usr/share/texlive/texmf-dist/fonts/type1/public/amsfonts/cm/cmtt10.pfb></usr/sh
are/texlive/texmf-dist/fonts/type1/public/amsfonts/cm/cmtt8.pfb>
Output written on IvDinten_Embedded.pdf (11 pages, 1062610 bytes).
PDF statistics:
 280 PDF objects out of 1000 (max. 8388607)
 212 compressed objects within 3 object streams
 48 named destinations out of 1000 (max. 500000)
 231 words of extra memory for PDF output out of 10000 (max. 10000000)

